<?xml version="1.0" encoding="UTF-8"?>
<testng-results ignored="0" total="1" passed="1" failed="0" skipped="0">
  <reporter-output>
  </reporter-output>
  <suite started-at="2023-12-13T13:12:31 CST" name="Jenkins_Demo" finished-at="2023-12-13T13:12:35 CST" duration-ms="3583">
    <groups>
    </groups>
    <test started-at="2023-12-13T13:12:31 CST" name="Test" finished-at="2023-12-13T13:12:35 CST" duration-ms="3583">
      <class name="Selenium_Jenkins.sample_Demo">
        <test-method signature="sampleMethod()[pri:0, instance:Selenium_Jenkins.sample_Demo@1e04fa0a]" started-at="2023-12-13T13:12:31 CST" name="sampleMethod" finished-at="2023-12-13T13:12:35 CST" duration-ms="3557" status="PASS">
          <reporter-output>
          </reporter-output>
        </test-method> <!-- sampleMethod -->
      </class> <!-- Selenium_Jenkins.sample_Demo -->
    </test> <!-- Test -->
  </suite> <!-- Jenkins_Demo -->
</testng-results>
