<?xml version="1.0" encoding="UTF-8"?>
<testng-results ignored="0" total="1" passed="1" failed="0" skipped="0">
  <reporter-output>
  </reporter-output>
  <suite started-at="2023-12-12T21:44:15 CST" name="Jenkins_Demo" finished-at="2023-12-12T21:44:25 CST" duration-ms="9672">
    <groups>
    </groups>
    <test started-at="2023-12-12T21:44:15 CST" name="Test" finished-at="2023-12-12T21:44:25 CST" duration-ms="9672">
      <class name="Selenium_Jenkins.sample_Demo">
        <test-method signature="sampleMethod(java.lang.String)[pri:0, instance:Selenium_Jenkins.sample_Demo@5c30a9b0]" started-at="2023-12-12T21:44:15 CST" name="sampleMethod" finished-at="2023-12-12T21:44:25 CST" duration-ms="9618" status="PASS">
          <params>
            <param index="0">
              <value>
                <![CDATA[Edge]]>
              </value>
            </param>
          </params>
          <reporter-output>
          </reporter-output>
        </test-method> <!-- sampleMethod -->
      </class> <!-- Selenium_Jenkins.sample_Demo -->
    </test> <!-- Test -->
  </suite> <!-- Jenkins_Demo -->
</testng-results>
