<?xml version="1.0" encoding="UTF-8"?>
<testng-results ignored="0" total="1" passed="1" failed="0" skipped="0">
  <reporter-output>
  </reporter-output>
  <suite started-at="2023-12-11T21:21:07 CST" name="Default suite" finished-at="2023-12-11T21:21:07 CST" duration-ms="77">
    <groups>
    </groups>
    <test started-at="2023-12-11T21:21:07 CST" name="Default test" finished-at="2023-12-11T21:21:07 CST" duration-ms="77">
      <class name="sample_Demo">
        <test-method signature="sampleMethod()[pri:0, instance:sample_Demo@1eb5174b]" started-at="2023-12-11T21:21:07 CST" name="sampleMethod" finished-at="2023-12-11T21:21:07 CST" duration-ms="14" status="PASS">
          <reporter-output>
          </reporter-output>
        </test-method> <!-- sampleMethod -->
      </class> <!-- sample_Demo -->
    </test> <!-- Default test -->
  </suite> <!-- Default suite -->
</testng-results>
